\BOOKMARK [1][-]{section.1}{Introduction}{}% 1
\BOOKMARK [1][-]{section.2}{PassInfinity}{}% 2
\BOOKMARK [2][-]{subsection.2.1}{Functional use}{section.2}% 3
\BOOKMARK [2][-]{subsection.2.2}{Advantages}{section.2}% 4
\BOOKMARK [2][-]{subsection.2.3}{Technical functionning}{section.2}% 5
\BOOKMARK [3][-]{subsubsection.2.3.1}{Base components}{subsection.2.3}% 6
\BOOKMARK [3][-]{subsubsection.2.3.2}{Modular components}{subsection.2.3}% 7
\BOOKMARK [3][-]{subsubsection.2.3.3}{Password policy controller}{subsection.2.3}% 8
\BOOKMARK [1][-]{section.3}{Audio token}{}% 9
\BOOKMARK [2][-]{subsection.3.1}{Working principle}{section.3}% 10
\BOOKMARK [2][-]{subsection.3.2}{Architecture}{section.3}% 11
\BOOKMARK [1][-]{section.4}{Literature review}{}% 12
\BOOKMARK [2][-]{subsection.4.1}{Data transmission techniques}{section.4}% 13
\BOOKMARK [2][-]{subsection.4.2}{Passband modulation}{section.4}% 14
\BOOKMARK [2][-]{subsection.4.3}{DTMF}{section.4}% 15
\BOOKMARK [2][-]{subsection.4.4}{Conclusion}{section.4}% 16
\BOOKMARK [1][-]{section.5}{Implementation}{}% 17
\BOOKMARK [2][-]{subsection.5.1}{Web Audio API}{section.5}% 18
\BOOKMARK [2][-]{subsection.5.2}{On-Off Keying}{section.5}% 19
\BOOKMARK [3][-]{subsubsection.5.2.1}{Emitter}{subsection.5.2}% 20
\BOOKMARK [3][-]{subsubsection.5.2.2}{Receiver}{subsection.5.2}% 21
\BOOKMARK [3][-]{subsubsection.5.2.3}{Improvement}{subsection.5.2}% 22
\BOOKMARK [3][-]{subsubsection.5.2.4}{Conclusion}{subsection.5.2}% 23
\BOOKMARK [2][-]{subsection.5.3}{DTMF}{section.5}% 24
\BOOKMARK [3][-]{subsubsection.5.3.1}{Emitter}{subsection.5.3}% 25
\BOOKMARK [3][-]{subsubsection.5.3.2}{Receiver}{subsection.5.3}% 26
\BOOKMARK [3][-]{subsubsection.5.3.3}{Improvement}{subsection.5.3}% 27
\BOOKMARK [3][-]{subsubsection.5.3.4}{Conclusion}{subsection.5.3}% 28
\BOOKMARK [2][-]{subsection.5.4}{Hashing}{section.5}% 29
\BOOKMARK [2][-]{subsection.5.5}{Conclusion}{section.5}% 30
\BOOKMARK [1][-]{section.6}{Limitations and further work}{}% 31
\BOOKMARK [2][-]{subsection.6.1}{Limitations}{section.6}% 32
\BOOKMARK [2][-]{subsection.6.2}{Further work}{section.6}% 33
\BOOKMARK [1][-]{section.7}{Conclusion}{}% 34
