This is pdfTeX, Version 3.14159265-2.6-1.40.20 (TeX Live 2019/Debian) (preloaded format=pdflatex 2020.6.17)  28 AUG 2020 11:39
entering extended mode
 restricted \write18 enabled.
 %&-line parsing enabled.
**dissertation.tex
(./dissertation.tex
LaTeX2e <2020-02-02> patch level 2
L3 programming layer <2020-02-14>
(/usr/share/texlive/texmf-dist/tex/latex/extsizes/extarticle.cls
Document Class: extarticle 1996/10/08 v1.0 Non Standard LaTeX document class
(/usr/share/texlive/texmf-dist/tex/latex/extsizes/size14.clo
File: size14.clo 1999/11/11 v1.4a NON-Standard LaTeX file (size option)
)
(/usr/share/texlive/texmf-dist/tex/latex/base/exscale.sty
Package: exscale 2018/09/24 v2.1i Standard LaTeX package exscale
LaTeX Font Info:    Redeclaring symbol font `largesymbols' on input line 57.
LaTeX Font Info:    Overwriting symbol font `largesymbols' in version `normal'
(Font)                  OMX/cmex/m/n --> OMX/cmex/m/n on input line 57.
LaTeX Font Info:    Overwriting symbol font `largesymbols' in version `bold'
(Font)                  OMX/cmex/m/n --> OMX/cmex/m/n on input line 57.
\big@size=\dimen134
)
\c@part=\count167
\c@section=\count168
\c@subsection=\count169
\c@subsubsection=\count170
\c@paragraph=\count171
\c@subparagraph=\count172
\c@figure=\count173
\c@table=\count174
\abovecaptionskip=\skip47
\belowcaptionskip=\skip48
\bibindent=\dimen135
)
(/usr/share/texlive/texmf-dist/tex/latex/hyperref/hyperref.sty
Package: hyperref 2020/01/14 v7.00d Hypertext links for LaTeX

(/usr/share/texlive/texmf-dist/tex/generic/ltxcmds/ltxcmds.sty
Package: ltxcmds 2019/12/15 v1.24 LaTeX kernel commands for general use (HO)
)
(/usr/share/texlive/texmf-dist/tex/generic/iftex/iftex.sty
Package: iftex 2019/11/07 v1.0c TeX engine tests
)
(/usr/share/texlive/texmf-dist/tex/latex/pdftexcmds/pdftexcmds.sty
Package: pdftexcmds 2019/11/24 v0.31 Utility functions of pdfTeX for LuaTeX (HO
)

(/usr/share/texlive/texmf-dist/tex/generic/infwarerr/infwarerr.sty
Package: infwarerr 2019/12/03 v1.5 Providing info/warning/error messages (HO)
)
Package pdftexcmds Info: \pdf@primitive is available.
Package pdftexcmds Info: \pdf@ifprimitive is available.
Package pdftexcmds Info: \pdfdraftmode found.
)
(/usr/share/texlive/texmf-dist/tex/latex/graphics/keyval.sty
Package: keyval 2014/10/28 v1.15 key=value parser (DPC)
\KV@toks@=\toks14
)
(/usr/share/texlive/texmf-dist/tex/generic/kvsetkeys/kvsetkeys.sty
Package: kvsetkeys 2019/12/15 v1.18 Key value parser (HO)
)
(/usr/share/texlive/texmf-dist/tex/generic/kvdefinekeys/kvdefinekeys.sty
Package: kvdefinekeys 2019-12-19 v1.6 Define keys (HO)
)
(/usr/share/texlive/texmf-dist/tex/generic/pdfescape/pdfescape.sty
Package: pdfescape 2019/12/09 v1.15 Implements pdfTeX's escape features (HO)
)
(/usr/share/texlive/texmf-dist/tex/latex/hycolor/hycolor.sty
Package: hycolor 2020-01-27 v1.10 Color options for hyperref/bookmark (HO)
)
(/usr/share/texlive/texmf-dist/tex/latex/letltxmacro/letltxmacro.sty
Package: letltxmacro 2019/12/03 v1.6 Let assignment for LaTeX macros (HO)
)
(/usr/share/texlive/texmf-dist/tex/latex/auxhook/auxhook.sty
Package: auxhook 2019-12-17 v1.6 Hooks for auxiliary files (HO)
)
(/usr/share/texlive/texmf-dist/tex/latex/kvoptions/kvoptions.sty
Package: kvoptions 2019/11/29 v3.13 Key value format for package options (HO)
)
\@linkdim=\dimen136
\Hy@linkcounter=\count175
\Hy@pagecounter=\count176

(/usr/share/texlive/texmf-dist/tex/latex/hyperref/pd1enc.def
File: pd1enc.def 2020/01/14 v7.00d Hyperref: PDFDocEncoding definition (HO)
Now handling font encoding PD1 ...
... no UTF-8 mapping file for font encoding PD1
)
(/usr/share/texlive/texmf-dist/tex/generic/intcalc/intcalc.sty
Package: intcalc 2019/12/15 v1.3 Expandable calculations with integers (HO)
)
(/usr/share/texlive/texmf-dist/tex/generic/etexcmds/etexcmds.sty
Package: etexcmds 2019/12/15 v1.7 Avoid name clashes with e-TeX commands (HO)
)
\Hy@SavedSpaceFactor=\count177
\pdfmajorversion=\count178
Package hyperref Info: Hyper figures OFF on input line 4547.
Package hyperref Info: Link nesting OFF on input line 4552.
Package hyperref Info: Hyper index ON on input line 4555.
Package hyperref Info: Plain pages OFF on input line 4562.
Package hyperref Info: Backreferencing OFF on input line 4567.
Package hyperref Info: Implicit mode ON; LaTeX internals redefined.
Package hyperref Info: Bookmarks ON on input line 4800.
\c@Hy@tempcnt=\count179

(/usr/share/texlive/texmf-dist/tex/latex/url/url.sty
\Urlmuskip=\muskip16
Package: url 2013/09/16  ver 3.4  Verb mode for urls, etc.
)
LaTeX Info: Redefining \url on input line 5159.
\XeTeXLinkMargin=\dimen137

(/usr/share/texlive/texmf-dist/tex/generic/bitset/bitset.sty
Package: bitset 2019/12/09 v1.3 Handle bit-vector datatype (HO)

(/usr/share/texlive/texmf-dist/tex/generic/bigintcalc/bigintcalc.sty
Package: bigintcalc 2019/12/15 v1.5 Expandable calculations on big integers (HO
)
))
\Fld@menulength=\count180
\Field@Width=\dimen138
\Fld@charsize=\dimen139
Package hyperref Info: Hyper figures OFF on input line 6430.
Package hyperref Info: Link nesting OFF on input line 6435.
Package hyperref Info: Hyper index ON on input line 6438.
Package hyperref Info: backreferencing OFF on input line 6445.
Package hyperref Info: Link coloring OFF on input line 6450.
Package hyperref Info: Link coloring with OCG OFF on input line 6455.
Package hyperref Info: PDF/A mode OFF on input line 6460.
LaTeX Info: Redefining \ref on input line 6500.
LaTeX Info: Redefining \pageref on input line 6504.

(/usr/share/texlive/texmf-dist/tex/generic/atbegshi/atbegshi.sty
Package: atbegshi 2019/12/05 v1.19 At begin shipout hook (HO)
)
\Hy@abspage=\count181
\c@Item=\count182
\c@Hfootnote=\count183
)
Package hyperref Info: Driver (autodetected): hpdftex.

(/usr/share/texlive/texmf-dist/tex/latex/hyperref/hpdftex.def
File: hpdftex.def 2020/01/14 v7.00d Hyperref driver for pdfTeX

(/usr/share/texlive/texmf-dist/tex/latex/atveryend/atveryend.sty
Package: atveryend 2019-12-11 v1.11 Hooks at the very end of document (HO)
Package atveryend Info: \enddocument detected (standard20110627).
)
\Fld@listcount=\count184
\c@bookmark@seq@number=\count185

(/usr/share/texlive/texmf-dist/tex/latex/rerunfilecheck/rerunfilecheck.sty
Package: rerunfilecheck 2019/12/05 v1.9 Rerun checks for auxiliary files (HO)

(/usr/share/texlive/texmf-dist/tex/generic/uniquecounter/uniquecounter.sty
Package: uniquecounter 2019/12/15 v1.4 Provide unlimited unique counter (HO)
)
Package uniquecounter Info: New unique counter `rerunfilecheck' on input line 2
86.
)
\Hy@SectionHShift=\skip49
)
(/usr/share/texlive/texmf-dist/tex/latex/listings/listings.sty
\lst@mode=\count186
\lst@gtempboxa=\box45
\lst@token=\toks15
\lst@length=\count187
\lst@currlwidth=\dimen140
\lst@column=\count188
\lst@pos=\count189
\lst@lostspace=\dimen141
\lst@width=\dimen142
\lst@newlines=\count190
\lst@lineno=\count191
\lst@maxwidth=\dimen143

(/usr/share/texlive/texmf-dist/tex/latex/listings/lstmisc.sty
File: lstmisc.sty 2019/09/10 1.8c (Carsten Heinz)
\c@lstnumber=\count192
\lst@skipnumbers=\count193
\lst@framebox=\box46
)
(/usr/share/texlive/texmf-dist/tex/latex/listings/listings.cfg
File: listings.cfg 2019/09/10 1.8c listings configuration
))
Package: listings 2019/09/10 1.8c (Carsten Heinz)

(/usr/share/texlive/texmf-dist/tex/latex/graphics/graphicx.sty
Package: graphicx 2019/11/30 v1.2a Enhanced LaTeX Graphics (DPC,SPQR)

(/usr/share/texlive/texmf-dist/tex/latex/graphics/graphics.sty
Package: graphics 2019/11/30 v1.4a Standard LaTeX Graphics (DPC,SPQR)

(/usr/share/texlive/texmf-dist/tex/latex/graphics/trig.sty
Package: trig 2016/01/03 v1.10 sin cos tan (DPC)
)
(/usr/share/texlive/texmf-dist/tex/latex/graphics-cfg/graphics.cfg
File: graphics.cfg 2016/06/04 v1.11 sample graphics configuration
)
Package graphics Info: Driver file: pdftex.def on input line 105.

(/usr/share/texlive/texmf-dist/tex/latex/graphics-def/pdftex.def
File: pdftex.def 2018/01/08 v1.0l Graphics/color driver for pdftex
))
\Gin@req@height=\dimen144
\Gin@req@width=\dimen145
)
(/usr/share/texlive/texmf-dist/tex/latex/graphics/lscape.sty
Package: lscape 2000/10/22 v3.01 Landscape Pages (DPC)
)
(/usr/share/texlive/texmf-dist/tex/latex/dirtytalk/dirtytalk.sty
Package: dirtytalk 2010/11/21 A package making "quoting" easier

(/usr/share/texlive/texmf-dist/tex/latex/base/ifthen.sty
Package: ifthen 2014/09/29 v1.1c Standard LaTeX ifthen package (DPC)
)
\c@dirtytalk@qdepth=\count194
)
(/usr/share/texlive/texmf-dist/tex/latex/graphics/color.sty
Package: color 2019/11/23 v1.2a Standard LaTeX Color (DPC)

(/usr/share/texlive/texmf-dist/tex/latex/graphics-cfg/color.cfg
File: color.cfg 2016/01/02 v1.6 sample color configuration
)
Package color Info: Driver file: pdftex.def on input line 147.
)
(/usr/share/texlive/texmf-dist/tex/latex/l3backend/l3backend-pdfmode.def
File: l3backend-pdfmode.def 2020-02-03 L3 backend support: PDF mode
\l__kernel_color_stack_int=\count195
\l__pdf_internal_box=\box47
)
(./dissertation.aux)
\openout1 = `dissertation.aux'.

LaTeX Font Info:    Checking defaults for OML/cmm/m/it on input line 48.
LaTeX Font Info:    ... okay on input line 48.
LaTeX Font Info:    Checking defaults for OMS/cmsy/m/n on input line 48.
LaTeX Font Info:    ... okay on input line 48.
LaTeX Font Info:    Checking defaults for OT1/cmr/m/n on input line 48.
LaTeX Font Info:    ... okay on input line 48.
LaTeX Font Info:    Checking defaults for T1/cmr/m/n on input line 48.
LaTeX Font Info:    ... okay on input line 48.
LaTeX Font Info:    Checking defaults for TS1/cmr/m/n on input line 48.
LaTeX Font Info:    ... okay on input line 48.
LaTeX Font Info:    Checking defaults for OMX/cmex/m/n on input line 48.
LaTeX Font Info:    ... okay on input line 48.
LaTeX Font Info:    Checking defaults for U/cmr/m/n on input line 48.
LaTeX Font Info:    ... okay on input line 48.
LaTeX Font Info:    Checking defaults for PD1/pdf/m/n on input line 48.
LaTeX Font Info:    ... okay on input line 48.
\AtBeginShipoutBox=\box48
Package hyperref Info: Link coloring OFF on input line 48.

(/usr/share/texlive/texmf-dist/tex/latex/hyperref/nameref.sty
Package: nameref 2019/09/16 v2.46 Cross-referencing by name of section

(/usr/share/texlive/texmf-dist/tex/latex/refcount/refcount.sty
Package: refcount 2019/12/15 v3.6 Data extraction from label references (HO)
)
(/usr/share/texlive/texmf-dist/tex/generic/gettitlestring/gettitlestring.sty
Package: gettitlestring 2019/12/15 v1.6 Cleanup title references (HO)
)
\c@section@level=\count196
)
LaTeX Info: Redefining \ref on input line 48.
LaTeX Info: Redefining \pageref on input line 48.
LaTeX Info: Redefining \nameref on input line 48.

(./dissertation.out) (./dissertation.out)
\@outlinefile=\write3
\openout3 = `dissertation.out'.

\c@lstlisting=\count197

(/usr/share/texlive/texmf-dist/tex/context/base/mkii/supp-pdf.mkii
[Loading MPS to PDF converter (version 2006.09.02).]
\scratchcounter=\count198
\scratchdimen=\dimen146
\scratchbox=\box49
\nofMPsegments=\count199
\nofMParguments=\count266
\everyMPshowfont=\toks16
\MPscratchCnt=\count267
\MPscratchDim=\dimen147
\MPnumerator=\count268
\makeMPintoPDFobject=\count269
\everyMPtoPDFconversion=\toks17
) (/usr/share/texlive/texmf-dist/tex/latex/epstopdf-pkg/epstopdf-base.sty
Package: epstopdf-base 2020-01-24 v2.11 Base part for package epstopdf
Package epstopdf-base Info: Redefining graphics rule for `.eps' on input line 4
85.

(/usr/share/texlive/texmf-dist/tex/latex/latexconfig/epstopdf-sys.cfg
File: epstopdf-sys.cfg 2010/07/13 v1.3 Configuration of (r)epstopdf for TeX Liv
e
))
[1


{/var/lib/texmf/fonts/map/pdftex/updmap/pdftex.map}] (./dissertation.toc
LaTeX Font Info:    External font `cmex7' loaded for size
(Font)              <7> on input line 3.

[2

])
\tf@toc=\write4
\openout4 = `dissertation.toc'.

 [3] (./dissertation.lof)
\tf@lof=\write5
\openout5 = `dissertation.lof'.

 [4

]
Underfull \hbox (badness 1436) in paragraph at lines 60--61
[]\OT1/cmr/m/n/14.4 This new au-then-ti-ca-tion mech-a-
 []

[5

]
Underfull \hbox (badness 10000) in paragraph at lines 68--69
\OT1/cmr/m/n/14.4 This new au-then-ti-ca-tion mech-
 []


Underfull \hbox (badness 10000) in paragraph at lines 68--69
\OT1/cmr/m/n/14.4 a-nism is part of a wider
 []


Underfull \hbox (badness 10000) in paragraph at lines 68--69
\OT1/cmr/m/n/14.4 project named Pass-In-fin-ity
 []


Underfull \hbox (badness 10000) in paragraph at lines 68--69
\OT1/cmr/m/n/14.4 ([]https://www.passinfinity.com/[]).
 []


Underfull \hbox (badness 2781) in paragraph at lines 68--69
\OT1/cmr/m/n/14.4 user-centric au-then-ti-ca-tion sys-tem.
 []


Underfull \vbox (badness 10000) has occurred while \output is active []


Underfull \hbox (badness 10000) in paragraph at lines 72--73
[]\OT1/cmr/m/n/14.4 Knowledge-based, what you
 []


Underfull \vbox (badness 10000) has occurred while \output is active []

 [6]
[7]
Underfull \hbox (badness 1412) in paragraph at lines 87--89
\OT1/cmr/m/n/14.4 sider for im-prov-ing the cy-ber se-
 []


Underfull \hbox (badness 1107) in paragraph at lines 87--89
\OT1/cmr/m/n/14.4 cu-rity level of the gen-eral pub-lic.
 []


Underfull \hbox (badness 1253) in paragraph at lines 87--89
\OT1/cmr/m/n/14.4 There are how-ever few dif-fer-ences
 []


Underfull \hbox (badness 1253) in paragraph at lines 93--94
\OT1/cmr/m/n/14.4 ti-ca-tion pro-cess, which means
 []


Underfull \hbox (badness 2126) in paragraph at lines 95--96
[]\OT1/cmr/m/n/14.4 PassInfinity is fully back-ward
 []


Underfull \hbox (badness 10000) in paragraph at lines 98--98
[]\OT1/cmr/bx/n/17.28 Technical func-tion-
 []

[8]
Underfull \hbox (badness 1102) in paragraph at lines 102--103
[]\OT1/cmr/m/n/14.4 Each com-po-nent are fur-ther di-
 []

[9]
Underfull \hbox (badness 10000) in paragraph at lines 114--114
[]\OT1/cmr/bx/n/14.4 Password pol-icy con-
 []


Underfull \hbox (badness 1048) in paragraph at lines 116--121
\OT1/cmr/m/n/14.4 reg-is-ter which mod-ules and which
 []


Underfull \hbox (badness 1484) in paragraph at lines 116--121
\OT1/cmr/m/n/14.4 min-i-mal re-quire-ment. This com-
 []


Underfull \hbox (badness 10000) in paragraph at lines 116--121

 []


Underfull \hbox (badness 10000) in paragraph at lines 116--121

 []


Underfull \hbox (badness 5622) in paragraph at lines 116--121
\OT1/cmr/m/n/14.4 Now that the work-ing prin-ci-ple
 []

[10] [11]
Underfull \hbox (badness 1701) in paragraph at lines 139--140
\OT1/cmr/m/n/14.4 only in-volves the val-ida-tor de-vice
 []

[12]
Underfull \hbox (badness 1331) in paragraph at lines 141--142
[]\OT1/cmr/m/n/14.4 The third and last step is the
 []


Underfull \hbox (badness 2951) in paragraph at lines 143--148
\OT1/cmr/m/n/14.4 choice of the ini-tial chal-lenge is
 []


Underfull \hbox (badness 10000) in paragraph at lines 143--148

 []


Underfull \hbox (badness 10000) in paragraph at lines 143--148

 []


Underfull \hbox (badness 10000) in paragraph at lines 143--148
\OT1/cmr/m/n/14.4 The whole tech-ni-cal pro-cess of
 []


Underfull \hbox (badness 10000) in paragraph at lines 152--152
[]\OT1/cmr/bx/n/17.28 Data trans-mis-sion
 []


Underfull \hbox (badness 1264) in paragraph at lines 153--154
\OT1/cmr/m/n/14.4 a pin code re-quired to ini-ti-ate a
 []

[13]
Underfull \hbox (badness 10000) in paragraph at lines 155--156
[]\OT1/cmr/m/n/14.4 dual-tone mul-ti-fre-quency
 []

[14] [15]
Underfull \hbox (badness 2846) in paragraph at lines 178--179
[]\OT1/cmr/m/n/14.4 FSK is a dig-i-tal mod-u-la-tion
 []

[16] [17]
Underfull \hbox (badness 1062) in paragraph at lines 187--188
\OT1/cmr/m/n/14.4 Another in-ter-est-ing mech-a-nism for
 []


Underfull \hbox (badness 3068) in paragraph at lines 187--188
\OT1/cmr/m/n/14.4 our data trans-mis-sion is DTMF.
 []

[18] [19]
Underfull \hbox (badness 1067) in paragraph at lines 193--194
\OT1/cmr/m/n/14.4 tion, no-tably on trans-mis-sion dis-
 []

[20]
Underfull \hbox (badness 4013) in paragraph at lines 210--211
[]\OT1/cmr/m/n/14.4 Choose the source nodes, a
 []

[21] [22]
Underfull \hbox (badness 6348) in paragraph at lines 226--227
[]\OT1/cmr/m/n/14.4 The os-cil-la-tor node have two
 []


Underfull \hbox (badness 3503) in paragraph at lines 231--232
\OT1/cmr/m/n/14.4 folder nammed "001 audio-token-
 []


Underfull \hbox (badness 1189) in paragraph at lines 231--232
\OT1/cmr/m/n/14.4 im-ple-men-ta-tion. The sources are
 []


Underfull \hbox (badness 1077) in paragraph at lines 231--232
\OT1/cmr/m/n/14.4 the user, "en-coder.js" han-dles ev-
 []

[23]
Underfull \vbox (badness 10000) has occurred while \output is active []

 [24]
[25]
Underfull \hbox (badness 7558) in paragraph at lines 246--247
[]\OT1/cmr/m/n/14.4 The sec-ond pa-ram-e-ter is the
 []


Underfull \hbox (badness 6380) in paragraph at lines 249--250
 []\OT1/cmr/bx/n/14.4 Implementation[] \OT1/cmr/m/n/14.4 Al-ways in the
 []

[26] [27] [28]
Underfull \hbox (badness 3635) in paragraph at lines 266--267
\OT1/cmr/m/n/14.4 trans-mis-sion al-go-rithm us-ing Du-
 []


Underfull \hbox (badness 1810) in paragraph at lines 266--267
\OT1/cmr/m/n/14.4 al-Tone Multi-Frequency this time.
 []


Underfull \hbox (badness 1184) in paragraph at lines 266--267
\OT1/cmr/m/n/14.4 Once again the im-ple-men-ta-tion is
 []

[29]
Underfull \vbox (badness 10000) has occurred while \output is active []

 [30]
Underfull \hbox (badness 1033) in paragraph at lines 286--287
 []\OT1/cmr/bx/n/14.4 Implementation[] \OT1/cmr/m/n/14.4 Once the again
 []

[31] [32]
Underfull \hbox (badness 2376) in paragraph at lines 297--298
[]\OT1/cmr/m/n/14.4 Even if in some con-di-tion the
 []


Underfull \vbox (badness 6792) has occurred while \output is active []

 [33]
Underfull \hbox (badness 1264) in paragraph at lines 306--307
\OT1/cmr/m/n/14.4 en-crypt and de-crypt data and fi-
 []


Underfull \vbox (badness 1337) has occurred while \output is active []


Underfull \vbox (badness 10000) has occurred while \output is active []

 [34]
Underfull \hbox (badness 10000) in paragraph at lines 316--316
[]\OT1/cmr/bx/n/20.74 Limitations and
 []


Underfull \hbox (badness 2556) in paragraph at lines 321--322
[]\OT1/cmr/m/n/14.4 Another lim-i-tion is the bi-trate
 []


Underfull \hbox (badness 1082) in paragraph at lines 325--326
\OT1/cmr/m/n/14.4 As ex-plained in the pre-vi-ous sec-
 []

[35] [36]
Underfull \hbox (badness 1762) in paragraph at lines 334--335
[]\OT1/cmr/m/n/14.4 Like ex-plained in the in-tro-duc-
 []


Underfull \hbox (badness 1533) in paragraph at lines 334--335
\OT1/cmr/m/n/14.4 rent sec-ond au-then-ti-ca-tion mech-a-
 []


Underfull \hbox (badness 1609) in paragraph at lines 334--335
\OT1/cmr/m/n/14.4 dioTo-ken solves this is-sue by us-
 []

[37] (./dissertation.bbl
Underfull \hbox (badness 10000) in paragraph at lines 9--12
[]\OT1/cmr/m/n/14.4 Comarketing, ``Les chiffres du mo-bile en france et en
 []


Underfull \hbox (badness 10000) in paragraph at lines 9--12
\OT1/cmr/m/n/14.4 eu-rope,'' Apr 2019.  []$\OT1/cmtt/m/n/14.4 https : / / comar
keting-[]news . fr /
 []


Underfull \hbox (badness 1158) in paragraph at lines 25--28
[]\OT1/cmr/m/n/14.4 Wikipedia, ``HMAC --- Wikipedia, the free en-cy-clo-pe-dia.
'' []$\OT1/cmtt/m/n/14.4 http :
 []


Underfull \hbox (badness 10000) in paragraph at lines 25--28
\OT1/cmtt/m/n/14.4 / / en . wikipedia . org / w / index . php ? title = HMAC & 
oldid = 967942573$[]\OT1/cmr/m/n/14.4 ,
 []

[38

]
Underfull \hbox (badness 1308) in paragraph at lines 49--52
[]\OT1/cmr/m/n/14.4 ``Can i use... sup-port ta-bles for web cryp-tog-ra-phy api
.'' []$\OT1/cmtt/m/n/14.4 https :
 []

) [39] (/usr/share/texlive/texmf-dist/tex/latex/listings/lstlang1.sty
File: lstlang1.sty 2019/09/10 1.8c listings language file
)
(/usr/share/texlive/texmf-dist/tex/latex/listings/lstmisc.sty
File: lstmisc.sty 2019/09/10 1.8c (Carsten Heinz)
)
LaTeX Font Info:    Font shape `OT1/cmtt/bx/n' in size <10> not available
(Font)              Font shape `OT1/cmtt/m/n' tried instead on input line 348.
 [40

]
<figure/architecture.png, id=460, 987.69pt x 513.92pt>
File: figure/architecture.png Graphic file (type png)
<use figure/architecture.png>
Package pdftex.def Info: figure/architecture.png  used on input line 364.
(pdftex.def)             Requested size: 569.05511pt x 296.08983pt.

Overfull \hbox (28.05511pt too wide) in paragraph at lines 364--365
 [] 
 []

[41

 <./figure/architecture.png>]
<figure/audiotokenarchitecture.png, id=467, 1567.8575pt x 505.89pt>
File: figure/audiotokenarchitecture.png Graphic file (type png)
<use figure/audiotokenarchitecture.png>
Package pdftex.def Info: figure/audiotokenarchitecture.png  used on input line 
372.
(pdftex.def)             Requested size: 469.0pt x 151.32817pt.
<figure/dtmfkeypad.png, id=468, 1027.84pt x 1027.84pt>
File: figure/dtmfkeypad.png Graphic file (type png)
<use figure/dtmfkeypad.png>
Package pdftex.def Info: figure/dtmfkeypad.png  used on input line 379.
(pdftex.def)             Requested size: 281.40286pt x 281.39435pt.
<figure/ask.jpg, id=469, 332.24126pt x 216.81pt>
File: figure/ask.jpg Graphic file (type jpg)
<use figure/ask.jpg>
Package pdftex.def Info: figure/ask.jpg  used on input line 387.
(pdftex.def)             Requested size: 281.40286pt x 183.64426pt.
<figure/psk.jpg, id=470, 289.08pt x 185.9748pt>
File: figure/psk.jpg Graphic file (type jpg)
<use figure/psk.jpg>
Package pdftex.def Info: figure/psk.jpg  used on input line 395.
(pdftex.def)             Requested size: 281.40286pt x 181.04517pt.
<figure/fsk.jpg, id=471, 333.245pt x 217.81375pt>
File: figure/fsk.jpg Graphic file (type jpg)
<use figure/fsk.jpg>
Package pdftex.def Info: figure/fsk.jpg  used on input line 403.
(pdftex.def)             Requested size: 281.40286pt x 183.94273pt.
<figure/ook.png, id=472, 118.7637pt x 65.043pt>
File: figure/ook.png Graphic file (type png)
<use figure/ook.png>
Package pdftex.def Info: figure/ook.png  used on input line 411.
(pdftex.def)             Requested size: 281.40286pt x 154.13232pt.
<figure/freqwaveform.png, id=473, 166.221pt x 174.05025pt>
File: figure/freqwaveform.png Graphic file (type png)
<use figure/freqwaveform.png>
Package pdftex.def Info: figure/freqwaveform.png  used on input line 446.
(pdftex.def)             Requested size: 234.5pt x 245.5463pt.
<figure/ook-graph.png, id=474, 455.45157pt x 416.30531pt>
File: figure/ook-graph.png Graphic file (type png)
<use figure/ook-graph.png>
Package pdftex.def Info: figure/ook-graph.png  used on input line 454.
(pdftex.def)             Requested size: 469.0pt x 428.69762pt.
<figure/dtmf-graph.png, id=475, 455.45157pt x 416.30531pt>
File: figure/dtmf-graph.png Graphic file (type png)
<use figure/dtmf-graph.png>
Package pdftex.def Info: figure/dtmf-graph.png  used on input line 462.
(pdftex.def)             Requested size: 469.0pt x 428.69762pt.
Package atveryend Info: Empty hook `BeforeClearDocument' on input line 506.
 [42

 <./figure/audiotokenarchitecture.png>]
[43 <./figure/dtmfkeypad.png>] [44 <./figure/ask.jpg> <./figure/psk.jpg>]
[45 <./figure/fsk.jpg> <./figure/ook.png>] [46 <./figure/freqwaveform.png>]
[47 <./figure/ook-graph.png>] [48 <./figure/dtmf-graph.png>] [49]
Package atveryend Info: Empty hook `AfterLastShipout' on input line 506.

(./dissertation.aux)
Package atveryend Info: Executing hook `AtVeryEndDocument' on input line 506.
Package atveryend Info: Executing hook `AtEndAfterFileList' on input line 506.
Package rerunfilecheck Info: File `dissertation.out' has not changed.
(rerunfilecheck)             Checksum: B0CAD0D272E4A9F711808A1C8CE7B2B9;2144.
Package atveryend Info: Empty hook `AtVeryVeryEnd' on input line 506.
 ) 
Here is how much of TeX's memory you used:
 7409 strings out of 483140
 112116 string characters out of 5965151
 624633 words of memory out of 5000000
 22153 multiletter control sequences out of 15000+600000
 538521 words of font info for 46 fonts, out of 8000000 for 9000
 36 hyphenation exceptions out of 8191
 34i,8n,53p,1693b,1329s stack positions out of 5000i,500n,10000p,200000b,80000s
 </home/arthur/.texlive2019/texmf-var/fonts/pk/ljfour/jknappen/ec/tcrm1440.60
0pk></usr/share/texlive/texmf-dist/fonts/type1/public/amsfonts/cm/cmbx12.pfb></
usr/share/texlive/texmf-dist/fonts/type1/public/amsfonts/cm/cmmi12.pfb></usr/sh
are/texlive/texmf-dist/fonts/type1/public/amsfonts/cm/cmr10.pfb></usr/share/tex
live/texmf-dist/fonts/type1/public/amsfonts/cm/cmr12.pfb></usr/share/texlive/te
xmf-dist/fonts/type1/public/amsfonts/cm/cmr17.pfb></usr/share/texlive/texmf-dis
t/fonts/type1/public/amsfonts/cm/cmti12.pfb></usr/share/texlive/texmf-dist/font
s/type1/public/amsfonts/cm/cmtt10.pfb></usr/share/texlive/texmf-dist/fonts/type
1/public/amsfonts/cm/cmtt12.pfb>
Output written on dissertation.pdf (49 pages, 691697 bytes).
PDF statistics:
 611 PDF objects out of 1000 (max. 8388607)
 530 compressed objects within 6 object streams
 156 named destinations out of 1000 (max. 500000)
 323 words of extra memory for PDF output out of 10000 (max. 10000000)

